app/build/intermediates/manifest_merge_blame_file/debug/processDebugMainManifest/manifest-merger-blame-debug-report.txt
1<?xml version="1.0" encoding="utf-8"?>
2<manifest xmlns:android="http://schemas.android.com/apk/res/android"
3    package="ci.nsu.mobile.main"
4    android:versionCode="1"
5    android:versionName="1.0" >
6
7    <uses-sdk
8        android:minSdkVersion="29"
9        android:targetSdkVersion="36" />
10
11    <uses-permission android:name="android.permission.INTERNET" />
11-->src\main\AndroidManifest.xml:4:5-67
11-->src\main\AndroidManifest.xml:4:22-64
12    <uses-permission android:name="android.permission.CAMERA" />
12-->src\main\AndroidManifest.xml:5:5-65
12-->src\main\AndroidManifest.xml:5:22-62
13
14    <uses-feature android:name="android.hardware.camera" />
14-->src\main\AndroidManifest.xml:6:5-60
14-->src\main\AndroidManifest.xml:6:19-57
15
16    <uses-permission android:name="android.permission.ACCESS_NETWORK_STATE" />
16-->[androidx.media3:media3-common:1.9.0] AndroidManifest.xml:22:5-79
16-->[androidx.media3:media3-common:1.9.0] AndroidManifest.xml:22:22-76
17    <uses-permission android:name="android.permission.REORDER_TASKS" />
17-->[androidx.test:core:1.7.0] AndroidManifest.xml:24:5-72
17-->[androidx.test:core:1.7.0] AndroidManifest.xml:24:22-69
18
19    <permission
19-->[androidx.core:core:1.16.0] AndroidManifest.xml:22:5-24:47
20        android:name="ci.nsu.mobile.main.DYNAMIC_RECEIVER_NOT_EXPORTED_PERMISSION"
20-->[androidx.core:core:1.16.0] AndroidManifest.xml:23:9-81
21        android:protectionLevel="signature" />
21-->[androidx.core:core:1.16.0] AndroidManifest.xml:24:9-44
22
23    <uses-permission android:name="ci.nsu.mobile.main.DYNAMIC_RECEIVER_NOT_EXPORTED_PERMISSION" />
23-->[androidx.core:core:1.16.0] AndroidManifest.xml:26:5-97
23-->[androidx.core:core:1.16.0] AndroidManifest.xml:26:22-94
24
25    <uses-feature
25-->[com.journeyapps:zxing-android-embedded:4.3.0] AndroidManifest.xml:28:5-30:36
26        android:name="android.hardware.camera.front"
26-->[com.journeyapps:zxing-android-embedded:4.3.0] AndroidManifest.xml:29:9-53
27        android:required="false" /> <!-- TODO replace above two with next line after Android 4.2 -->
27-->[com.journeyapps:zxing-android-embedded:4.3.0] AndroidManifest.xml:30:9-33
28    <!-- <uses-feature android:name="android.hardware.camera.any"/> -->
29    <uses-feature
29-->[com.journeyapps:zxing-android-embedded:4.3.0] AndroidManifest.xml:33:5-35:36
30        android:name="android.hardware.camera.autofocus"
30-->[com.journeyapps:zxing-android-embedded:4.3.0] AndroidManifest.xml:34:9-57
31        android:required="false" />
31-->[com.journeyapps:zxing-android-embedded:4.3.0] AndroidManifest.xml:35:9-33
32    <uses-feature
32-->[com.journeyapps:zxing-android-embedded:4.3.0] AndroidManifest.xml:36:5-38:36
33        android:name="android.hardware.camera.flash"
33-->[com.journeyapps:zxing-android-embedded:4.3.0] AndroidManifest.xml:37:9-53
34        android:required="false" />
34-->[com.journeyapps:zxing-android-embedded:4.3.0] AndroidManifest.xml:38:9-33
35    <uses-feature
35-->[com.journeyapps:zxing-android-embedded:4.3.0] AndroidManifest.xml:39:5-41:36
36        android:name="android.hardware.screen.landscape"
36-->[com.journeyapps:zxing-android-embedded:4.3.0] AndroidManifest.xml:40:9-57
37        android:required="false" />
37-->[com.journeyapps:zxing-android-embedded:4.3.0] AndroidManifest.xml:41:9-33
38    <uses-feature
38-->[com.journeyapps:zxing-android-embedded:4.3.0] AndroidManifest.xml:42:5-44:36
39        android:name="android.hardware.wifi"
39-->[com.journeyapps:zxing-android-embedded:4.3.0] AndroidManifest.xml:43:9-45
40        android:required="false" />
40-->[com.journeyapps:zxing-android-embedded:4.3.0] AndroidManifest.xml:44:9-33
41
42    <application
42-->src\main\AndroidManifest.xml:7:5-26:19
43        android:allowBackup="true"
43-->src\main\AndroidManifest.xml:9:9-35
44        android:appComponentFactory="androidx.core.app.CoreComponentFactory"
44-->[androidx.core:core:1.16.0] AndroidManifest.xml:28:18-86
45        android:debuggable="true"
46        android:extractNativeLibs="false"
47        android:icon="@mipmap/ic_launcher"
47-->src\main\AndroidManifest.xml:10:9-43
48        android:label="@string/app_name"
48-->src\main\AndroidManifest.xml:11:9-41
49        android:networkSecurityConfig="@xml/network_security_config"
49-->src\main\AndroidManifest.xml:8:9-69
50        android:roundIcon="@mipmap/ic_launcher_round"
50-->src\main\AndroidManifest.xml:12:9-54
51        android:supportsRtl="true"
51-->src\main\AndroidManifest.xml:13:9-35
52        android:testOnly="true"
53        android:theme="@style/Theme.Draft" >
53-->src\main\AndroidManifest.xml:14:9-43
54        <activity
54-->src\main\AndroidManifest.xml:15:9-25:20
55            android:name="ci.nsu.mobile.main.MainActivity"
55-->src\main\AndroidManifest.xml:16:13-41
56            android:exported="true"
56-->src\main\AndroidManifest.xml:17:13-36
57            android:label="@string/title_activity_main"
57-->src\main\AndroidManifest.xml:18:13-56
58            android:theme="@style/Theme.Draft" >
58-->src\main\AndroidManifest.xml:19:13-47
59            <intent-filter>
59-->src\main\AndroidManifest.xml:20:13-24:29
60                <action android:name="android.intent.action.MAIN" />
60-->src\main\AndroidManifest.xml:21:17-69
60-->src\main\AndroidManifest.xml:21:25-66
61
62                <category android:name="android.intent.category.LAUNCHER" />
62-->src\main\AndroidManifest.xml:23:17-77
62-->src\main\AndroidManifest.xml:23:27-74
63            </intent-filter>
64        </activity>
65
66        <service
66-->[androidx.camera:camera-camera2:1.6.1] AndroidManifest.xml:24:9-33:19
67            android:name="androidx.camera.core.impl.MetadataHolderService"
67-->[androidx.camera:camera-camera2:1.6.1] AndroidManifest.xml:25:13-75
68            android:enabled="false"
68-->[androidx.camera:camera-camera2:1.6.1] AndroidManifest.xml:26:13-36
69            android:exported="false" >
69-->[androidx.camera:camera-camera2:1.6.1] AndroidManifest.xml:27:13-37
70            <meta-data
70-->[androidx.camera:camera-camera2:1.6.1] AndroidManifest.xml:30:13-32:89
71                android:name="androidx.camera.core.impl.MetadataHolderService.DEFAULT_CONFIG_PROVIDER"
71-->[androidx.camera:camera-camera2:1.6.1] AndroidManifest.xml:31:17-103
72                android:value="androidx.camera.camera2.Camera2Config$DefaultProvider" />
72-->[androidx.camera:camera-camera2:1.6.1] AndroidManifest.xml:32:17-86
73        </service>
74        <service
74-->[androidx.room:room-runtime-android:2.8.4] AndroidManifest.xml:24:9-28:63
75            android:name="androidx.room.MultiInstanceInvalidationService"
75-->[androidx.room:room-runtime-android:2.8.4] AndroidManifest.xml:25:13-74
76            android:directBootAware="true"
76-->[androidx.room:room-runtime-android:2.8.4] AndroidManifest.xml:26:13-43
77            android:exported="false" />
77-->[androidx.room:room-runtime-android:2.8.4] AndroidManifest.xml:27:13-37
78
79        <activity
79-->[androidx.compose.ui:ui-test-manifest:1.9.0] AndroidManifest.xml:23:9-26:79
80            android:name="androidx.activity.ComponentActivity"
80-->[androidx.compose.ui:ui-test-manifest:1.9.0] AndroidManifest.xml:24:13-63
81            android:exported="true"
81-->[androidx.compose.ui:ui-test-manifest:1.9.0] AndroidManifest.xml:25:13-36
82            android:theme="@android:style/Theme.Material.Light.NoActionBar" />
82-->[androidx.compose.ui:ui-test-manifest:1.9.0] AndroidManifest.xml:26:13-76
83
84        <provider
84-->[androidx.emoji2:emoji2:1.4.0] AndroidManifest.xml:24:9-32:20
85            android:name="androidx.startup.InitializationProvider"
85-->[androidx.emoji2:emoji2:1.4.0] AndroidManifest.xml:25:13-67
86            android:authorities="ci.nsu.mobile.main.androidx-startup"
86-->[androidx.emoji2:emoji2:1.4.0] AndroidManifest.xml:26:13-68
87            android:exported="false" >
87-->[androidx.emoji2:emoji2:1.4.0] AndroidManifest.xml:27:13-37
88            <meta-data
88-->[androidx.emoji2:emoji2:1.4.0] AndroidManifest.xml:29:13-31:52
89                android:name="androidx.emoji2.text.EmojiCompatInitializer"
89-->[androidx.emoji2:emoji2:1.4.0] AndroidManifest.xml:30:17-75
90                android:value="androidx.startup" />
90-->[androidx.emoji2:emoji2:1.4.0] AndroidManifest.xml:31:17-49
91            <meta-data
91-->[androidx.lifecycle:lifecycle-process:2.9.4] AndroidManifest.xml:29:13-31:52
92                android:name="androidx.lifecycle.ProcessLifecycleInitializer"
92-->[androidx.lifecycle:lifecycle-process:2.9.4] AndroidManifest.xml:30:17-78
93                android:value="androidx.startup" />
93-->[androidx.lifecycle:lifecycle-process:2.9.4] AndroidManifest.xml:31:17-49
94            <meta-data
94-->[androidx.profileinstaller:profileinstaller:1.4.0] AndroidManifest.xml:29:13-31:52
95                android:name="androidx.profileinstaller.ProfileInstallerInitializer"
95-->[androidx.profileinstaller:profileinstaller:1.4.0] AndroidManifest.xml:30:17-85
96                android:value="androidx.startup" />
96-->[androidx.profileinstaller:profileinstaller:1.4.0] AndroidManifest.xml:31:17-49
97        </provider>
98
99        <activity
99-->[androidx.test:core:1.7.0] AndroidManifest.xml:27:9-34:20
100            android:name="androidx.test.core.app.InstrumentationActivityInvoker$BootstrapActivity"
100-->[androidx.test:core:1.7.0] AndroidManifest.xml:28:13-99
101            android:exported="true"
101-->[androidx.test:core:1.7.0] AndroidManifest.xml:29:13-36
102            android:theme="@style/WhiteBackgroundTheme" >
102-->[androidx.test:core:1.7.0] AndroidManifest.xml:30:13-56
103            <intent-filter android:priority="-100" >
103-->[androidx.test:core:1.7.0] AndroidManifest.xml:31:13-33:29
103-->[androidx.test:core:1.7.0] AndroidManifest.xml:31:28-51
104                <category android:name="android.intent.category.LAUNCHER" />
104-->src\main\AndroidManifest.xml:23:17-77
104-->src\main\AndroidManifest.xml:23:27-74
105            </intent-filter>
106        </activity>
107        <activity
107-->[androidx.test:core:1.7.0] AndroidManifest.xml:35:9-42:20
108            android:name="androidx.test.core.app.InstrumentationActivityInvoker$EmptyActivity"
108-->[androidx.test:core:1.7.0] AndroidManifest.xml:36:13-95
109            android:exported="true"
109-->[androidx.test:core:1.7.0] AndroidManifest.xml:37:13-36
110            android:theme="@style/WhiteBackgroundTheme" >
110-->[androidx.test:core:1.7.0] AndroidManifest.xml:38:13-56
111            <intent-filter android:priority="-100" >
111-->[androidx.test:core:1.7.0] AndroidManifest.xml:31:13-33:29
111-->[androidx.test:core:1.7.0] AndroidManifest.xml:31:28-51
112                <category android:name="android.intent.category.LAUNCHER" />
112-->src\main\AndroidManifest.xml:23:17-77
112-->src\main\AndroidManifest.xml:23:27-74
113            </intent-filter>
114        </activity>
115        <activity
115-->[androidx.test:core:1.7.0] AndroidManifest.xml:43:9-50:20
116            android:name="androidx.test.core.app.InstrumentationActivityInvoker$EmptyFloatingActivity"
116-->[androidx.test:core:1.7.0] AndroidManifest.xml:44:13-103
117            android:exported="true"
117-->[androidx.test:core:1.7.0] AndroidManifest.xml:45:13-36
118            android:theme="@style/WhiteBackgroundDialogTheme" >
118-->[androidx.test:core:1.7.0] AndroidManifest.xml:46:13-62
119            <intent-filter android:priority="-100" >
119-->[androidx.test:core:1.7.0] AndroidManifest.xml:31:13-33:29
119-->[androidx.test:core:1.7.0] AndroidManifest.xml:31:28-51
120                <category android:name="android.intent.category.LAUNCHER" />
120-->src\main\AndroidManifest.xml:23:17-77
120-->src\main\AndroidManifest.xml:23:27-74
121            </intent-filter>
122        </activity>
123        <activity
123-->[androidx.compose.ui:ui-tooling-android:1.9.0] AndroidManifest.xml:23:9-25:39
124            android:name="androidx.compose.ui.tooling.PreviewActivity"
124-->[androidx.compose.ui:ui-tooling-android:1.9.0] AndroidManifest.xml:24:13-71
125            android:exported="true" />
125-->[androidx.compose.ui:ui-tooling-android:1.9.0] AndroidManifest.xml:25:13-36
126
127        <receiver
127-->[androidx.profileinstaller:profileinstaller:1.4.0] AndroidManifest.xml:34:9-52:20
128            android:name="androidx.profileinstaller.ProfileInstallReceiver"
128-->[androidx.profileinstaller:profileinstaller:1.4.0] AndroidManifest.xml:35:13-76
129            android:directBootAware="false"
129-->[androidx.profileinstaller:profileinstaller:1.4.0] AndroidManifest.xml:36:13-44
130            android:enabled="true"
130-->[androidx.profileinstaller:profileinstaller:1.4.0] AndroidManifest.xml:37:13-35
131            android:exported="true"
131-->[androidx.profileinstaller:profileinstaller:1.4.0] AndroidManifest.xml:38:13-36
132            android:permission="android.permission.DUMP" >
132-->[androidx.profileinstaller:profileinstaller:1.4.0] AndroidManifest.xml:39:13-57
133            <intent-filter>
133-->[androidx.profileinstaller:profileinstaller:1.4.0] AndroidManifest.xml:40:13-42:29
134                <action android:name="androidx.profileinstaller.action.INSTALL_PROFILE" />
134-->[androidx.profileinstaller:profileinstaller:1.4.0] AndroidManifest.xml:41:17-91
134-->[androidx.profileinstaller:profileinstaller:1.4.0] AndroidManifest.xml:41:25-88
135            </intent-filter>
136            <intent-filter>
136-->[androidx.profileinstaller:profileinstaller:1.4.0] AndroidManifest.xml:43:13-45:29
137                <action android:name="androidx.profileinstaller.action.SKIP_FILE" />
137-->[androidx.profileinstaller:profileinstaller:1.4.0] AndroidManifest.xml:44:17-85
137-->[androidx.profileinstaller:profileinstaller:1.4.0] AndroidManifest.xml:44:25-82
138            </intent-filter>
139            <intent-filter>
139-->[androidx.profileinstaller:profileinstaller:1.4.0] AndroidManifest.xml:46:13-48:29
140                <action android:name="androidx.profileinstaller.action.SAVE_PROFILE" />
140-->[androidx.profileinstaller:profileinstaller:1.4.0] AndroidManifest.xml:47:17-88
140-->[androidx.profileinstaller:profileinstaller:1.4.0] AndroidManifest.xml:47:25-85
141            </intent-filter>
142            <intent-filter>
142-->[androidx.profileinstaller:profileinstaller:1.4.0] AndroidManifest.xml:49:13-51:29
143                <action android:name="androidx.profileinstaller.action.BENCHMARK_OPERATION" />
143-->[androidx.profileinstaller:profileinstaller:1.4.0] AndroidManifest.xml:50:17-95
143-->[androidx.profileinstaller:profileinstaller:1.4.0] AndroidManifest.xml:50:25-92
144            </intent-filter>
145        </receiver>
146
147        <activity
147-->[com.journeyapps:zxing-android-embedded:4.3.0] AndroidManifest.xml:47:9-53:63
148            android:name="com.journeyapps.barcodescanner.CaptureActivity"
148-->[com.journeyapps:zxing-android-embedded:4.3.0] AndroidManifest.xml:48:13-74
149            android:clearTaskOnLaunch="true"
149-->[com.journeyapps:zxing-android-embedded:4.3.0] AndroidManifest.xml:49:13-45
150            android:screenOrientation="sensorLandscape"
150-->[com.journeyapps:zxing-android-embedded:4.3.0] AndroidManifest.xml:50:13-56
151            android:stateNotNeeded="true"
151-->[com.journeyapps:zxing-android-embedded:4.3.0] AndroidManifest.xml:51:13-42
152            android:theme="@style/zxing_CaptureTheme"
152-->[com.journeyapps:zxing-android-embedded:4.3.0] AndroidManifest.xml:52:13-54
153            android:windowSoftInputMode="stateAlwaysHidden" />
153-->[com.journeyapps:zxing-android-embedded:4.3.0] AndroidManifest.xml:53:13-60
154    </application>
155
156</manifest>